<?xml version="1.0" encoding="UTF-8"?>
<!-- Generated by org.testng.reporters.JUnitXMLReporter -->
<testsuite ignored="0" hostname="DESKTOP-CSUM0VT" failures="0" tests="4" name="SystemTest" time="0.151" errors="0" timestamp="2022-03-08T19:14:42 IST">
  <testcase classname="fbTest.AddFriendTestNg" name="@BeforeTest launchBrowser" time="-1.646747081988E9">
    <failure type="org.testng.TestNGException" message="
Parameter &amp;apos;browser&amp;apos; is required by BeforeTest on method launchBrowser but has not been marked @Optional or defined
in F:\Velocity\Account-FaceBook\regressionSuite.xml">
      <![CDATA[org.testng.TestNGException: 
Parameter 'browser' is required by BeforeTest on method launchBrowser but has not been marked @Optional or defined
in F:\Velocity\Account-FaceBook\regressionSuite.xml
... Removed 21 stack frames]]>
    </failure>
  </testcase> <!-- @BeforeTest launchBrowser -->
  <testcase classname="fbTest.HeaderPageTestNg" name="@BeforeTest launchBrowser" time="-1.646747082004E9">
    <skipped/>
  </testcase> <!-- @BeforeTest launchBrowser -->
  <testcase classname="fbTest.MessengerPageTestNg" name="@BeforeTest launchBrowser" time="-1.646747082007E9">
    <skipped/>
  </testcase> <!-- @BeforeTest launchBrowser -->
  <testcase classname="fbTest.ProfilePageTestNg" name="@BeforeTest launchBrowser" time="-1.646747082009E9">
    <skipped/>
  </testcase> <!-- @BeforeTest launchBrowser -->
  <testcase classname="fbTest.MessengerPageTestNg" name="@BeforeClass createObject" time="-1.64674708204E9">
    <skipped/>
  </testcase> <!-- @BeforeClass createObject -->
  <testcase classname="fbTest.MessengerPageTestNg" name="@BeforeMethod loginToFaceBook" time="-1.646747082061E9">
    <skipped/>
  </testcase> <!-- @BeforeMethod loginToFaceBook -->
  <testcase classname="fbTest.MessengerPageTestNg" name="@AfterMethod logOutFaceBook" time="-1.646747082074E9">
    <skipped/>
  </testcase> <!-- @AfterMethod logOutFaceBook -->
  <testcase classname="fbTest.MessengerPageTestNg" name="@AfterClass clearPOMObject" time="-1.646747082078E9">
    <skipped/>
  </testcase> <!-- @AfterClass clearPOMObject -->
  <testcase classname="fbTest.AddFriendTestNg" name="@BeforeClass ceateObject" time="-1.646747082083E9">
    <skipped/>
  </testcase> <!-- @BeforeClass ceateObject -->
  <testcase classname="fbTest.AddFriendTestNg" name="@BeforeMethod loginToFaceBook" time="-1.646747082086E9">
    <skipped/>
  </testcase> <!-- @BeforeMethod loginToFaceBook -->
  <testcase classname="fbTest.AddFriendTestNg" name="@AfterMethod logOutFaceBook" time="-1.646747082094E9">
    <skipped/>
  </testcase> <!-- @AfterMethod logOutFaceBook -->
  <testcase classname="fbTest.AddFriendTestNg" name="@AfterClass clearPOMObject" time="-1.646747082096E9">
    <skipped/>
  </testcase> <!-- @AfterClass clearPOMObject -->
  <testcase classname="fbTest.ProfilePageTestNg" name="@BeforeClass createObject" time="-1.646747082101E9">
    <skipped/>
  </testcase> <!-- @BeforeClass createObject -->
  <testcase classname="fbTest.ProfilePageTestNg" name="@BeforeMethod loginToFaceBook" time="-1.646747082103E9">
    <skipped/>
  </testcase> <!-- @BeforeMethod loginToFaceBook -->
  <testcase classname="fbTest.ProfilePageTestNg" name="@AfterMethod logOutFaceBook" time="-1.646747082111E9">
    <skipped/>
  </testcase> <!-- @AfterMethod logOutFaceBook -->
  <testcase classname="fbTest.ProfilePageTestNg" name="@AfterClass clearPOMObject" time="-1.646747082113E9">
    <skipped/>
  </testcase> <!-- @AfterClass clearPOMObject -->
  <testcase classname="fbTest.HeaderPageTestNg" name="@BeforeClass ceateObject" time="-1.646747082115E9">
    <skipped/>
  </testcase> <!-- @BeforeClass ceateObject -->
  <testcase classname="fbTest.HeaderPageTestNg" name="@BeforeMethod loginToFaceBook" time="-1.646747082117E9">
    <skipped/>
  </testcase> <!-- @BeforeMethod loginToFaceBook -->
  <testcase classname="fbTest.HeaderPageTestNg" name="@AfterMethod logOutFaceBook" time="-1.646747082124E9">
    <skipped/>
  </testcase> <!-- @AfterMethod logOutFaceBook -->
  <testcase classname="fbTest.HeaderPageTestNg" name="@AfterClass clearPOMObject" time="-1.646747082126E9">
    <skipped/>
  </testcase> <!-- @AfterClass clearPOMObject -->
  <testcase classname="fbTest.AddFriendTestNg" name="@AfterTest closeBrowser" time="-1.646747082127E9">
    <skipped/>
  </testcase> <!-- @AfterTest closeBrowser -->
  <testcase classname="fbTest.HeaderPageTestNg" name="@AfterTest closeBrowser" time="-1.646747082128E9">
    <skipped/>
  </testcase> <!-- @AfterTest closeBrowser -->
  <testcase classname="fbTest.MessengerPageTestNg" name="@AfterTest closeBrowser" time="-1.646747082129E9">
    <skipped/>
  </testcase> <!-- @AfterTest closeBrowser -->
  <testcase classname="fbTest.ProfilePageTestNg" name="@AfterTest closeBrowser" time="-1.646747082131E9">
    <skipped/>
  </testcase> <!-- @AfterTest closeBrowser -->
  <testcase classname="fbTest.MessengerPageTestNg" name="messengerOperation" time="0.0">
    <skipped/>
  </testcase> <!-- messengerOperation -->
  <testcase classname="fbTest.AddFriendTestNg" name="addFriendOperation" time="0.0">
    <skipped/>
  </testcase> <!-- addFriendOperation -->
  <testcase classname="fbTest.ProfilePageTestNg" name="profilePageOperation" time="0.0">
    <skipped/>
  </testcase> <!-- profilePageOperation -->
  <testcase classname="fbTest.HeaderPageTestNg" name="faceBookHeaderPage" time="0.0">
    <skipped/>
  </testcase> <!-- faceBookHeaderPage -->
</testsuite> <!-- SystemTest -->
